TN:
SF:src\config\auth.ts
FN:10,(anonymous_1)
FN:25,(anonymous_2)
FN:34,(anonymous_3)
FNF:3
FNH:1
FNDA:1,(anonymous_1)
FNDA:0,(anonymous_2)
FNDA:0,(anonymous_3)
DA:1,1
DA:6,1
DA:7,1
DA:10,1
DA:11,1
DA:17,1
DA:21,1
DA:25,1
DA:26,0
DA:27,0
DA:29,0
DA:34,1
DA:35,0
DA:37,0
DA:38,0
DA:41,0
LF:16
LH:9
BRDA:6,0,0,1
BRDA:6,0,1,0
BRDA:37,1,0,0
BRDA:37,2,0,0
BRDA:37,2,1,0
BRF:5
BRH:1
end_of_record
TN:
SF:src\models\file.model.ts
FN:3,(anonymous_9)
FN:12,(anonymous_10)
FNF:2
FNH:2
FNDA:1,(anonymous_9)
FNDA:1,(anonymous_10)
DA:1,1
DA:3,1
DA:4,1
DA:5,1
DA:6,1
DA:7,1
DA:8,1
DA:9,1
DA:12,1
DA:13,1
DA:14,1
DA:15,1
DA:16,1
DA:17,1
DA:18,1
DA:56,1
DA:141,1
DA:142,1
DA:143,1
DA:145,1
LF:20
LH:20
BRDA:3,0,0,1
BRDA:3,0,1,1
BRDA:12,1,0,1
BRDA:12,1,1,1
BRF:4
BRH:4
end_of_record
TN:
SF:src\models\project.model.ts
FNF:0
FNH:0
DA:1,1
DA:2,1
DA:28,1
DA:58,1
LF:4
LH:4
BRF:0
BRH:0
end_of_record
TN:
SF:src\models\user.model.ts
FN:8,(anonymous_1)
FN:15,(anonymous_2)
FN:71,(anonymous_3)
FN:84,(anonymous_4)
FNF:4
FNH:3
FNDA:1,(anonymous_1)
FNDA:1,(anonymous_2)
FNDA:1,(anonymous_3)
FNDA:0,(anonymous_4)
DA:4,1
DA:5,1
DA:8,1
DA:9,1
DA:10,1
DA:11,1
DA:15,1
DA:16,1
DA:17,1
DA:32,1
DA:71,1
DA:72,1
DA:74,1
DA:75,1
DA:76,1
DA:77,1
DA:79,0
DA:84,1
DA:85,0
DA:86,0
DA:88,0
DA:92,1
DA:94,1
LF:23
LH:19
BRDA:8,0,0,1
BRDA:8,0,1,1
BRDA:15,1,0,1
BRDA:15,1,1,1
BRDA:72,2,0,0
BRF:5
BRH:4
end_of_record
TN:
SF:src\types\project.types.ts
FN:3,(anonymous_0)
FN:10,(anonymous_1)
FNF:2
FNH:2
FNDA:1,(anonymous_0)
FNDA:1,(anonymous_1)
DA:3,1
DA:4,1
DA:5,1
DA:6,1
DA:7,1
DA:10,1
DA:11,1
DA:12,1
DA:13,1
LF:9
LH:9
BRDA:3,0,0,1
BRDA:3,0,1,1
BRDA:10,1,0,1
BRDA:10,1,1,1
BRF:4
BRH:4
end_of_record
