TN:
SF:src\config\index.ts
FNF:0
FNH:0
DA:1,1
DA:3,1
DA:5,1
LF:3
LH:3
BRDA:6,0,0,1
BRDA:6,0,1,0
BRDA:7,1,0,1
BRDA:7,1,1,0
BRDA:8,2,0,1
BRDA:8,2,1,0
BRDA:10,3,0,1
BRDA:10,3,1,0
BRDA:11,4,0,1
BRDA:11,4,1,0
BRDA:12,5,0,1
BRDA:12,5,1,0
BRDA:13,6,0,1
BRDA:13,6,1,0
BRDA:16,7,0,1
BRDA:16,7,1,0
BRDA:17,8,0,1
BRDA:17,8,1,1
BRDA:18,9,0,1
BRDA:18,9,1,1
BRF:20
BRH:12
end_of_record
TN:
SF:src\models\file.model.ts
FN:4,(anonymous_9)
FN:16,(anonymous_10)
FNF:2
FNH:2
FNDA:1,(anonymous_9)
FNDA:1,(anonymous_10)
DA:1,1
DA:4,1
DA:5,1
DA:6,1
DA:7,1
DA:8,1
DA:9,1
DA:10,1
DA:11,1
DA:12,1
DA:13,1
DA:16,1
DA:17,1
DA:18,1
DA:19,1
DA:20,1
DA:21,1
DA:22,1
DA:23,1
DA:24,1
DA:25,1
DA:26,1
DA:106,1
DA:197,1
DA:198,1
DA:199,1
DA:201,1
LF:27
LH:27
BRDA:4,0,0,1
BRDA:4,0,1,1
BRDA:16,1,0,1
BRDA:16,1,1,1
BRF:4
BRH:4
end_of_record
TN:
SF:src\models\project.model.ts
FN:6,(anonymous_9)
FNF:1
FNH:1
FNDA:1,(anonymous_9)
DA:1,1
DA:6,1
DA:7,1
DA:8,1
DA:9,1
DA:10,1
DA:11,1
DA:71,1
DA:86,1
DA:97,1
DA:102,1
DA:136,1
DA:137,1
DA:138,1
DA:139,1
DA:140,1
DA:142,1
DA:143,1
LF:18
LH:18
BRDA:6,0,0,1
BRDA:6,0,1,1
BRF:2
BRH:2
end_of_record
TN:
SF:src\models\promptTemplate.model.ts
FN:5,(anonymous_9)
FNF:1
FNH:1
FNDA:2,(anonymous_9)
DA:1,2
DA:5,2
DA:6,2
DA:7,2
DA:33,2
DA:93,2
DA:94,2
DA:97,2
LF:8
LH:8
BRDA:5,0,0,2
BRDA:5,0,1,2
BRF:2
BRH:2
end_of_record
TN:
SF:src\models\segment.model.ts
FN:5,(anonymous_9)
FN:19,(anonymous_10)
FN:31,(anonymous_11)
FN:38,(anonymous_12)
FN:46,(anonymous_13)
FNF:5
FNH:5
FNDA:1,(anonymous_9)
FNDA:1,(anonymous_10)
FNDA:1,(anonymous_11)
FNDA:1,(anonymous_12)
FNDA:1,(anonymous_13)
DA:1,1
DA:5,1
DA:6,1
DA:7,1
DA:8,1
DA:9,1
DA:10,1
DA:11,1
DA:12,1
DA:13,1
DA:14,1
DA:15,1
DA:16,1
DA:19,1
DA:20,1
DA:21,1
DA:22,1
DA:23,1
DA:24,1
DA:25,1
DA:26,1
DA:27,1
DA:28,1
DA:31,1
DA:32,1
DA:33,1
DA:34,1
DA:35,1
DA:38,1
DA:39,1
DA:40,1
DA:41,1
DA:42,1
DA:43,1
DA:46,1
DA:47,1
DA:48,1
DA:49,1
DA:50,1
DA:51,1
DA:52,1
DA:138,1
DA:156,1
DA:173,1
DA:202,1
DA:233,1
DA:318,1
DA:321,1
DA:322,1
DA:323,1
DA:325,1
DA:326,1
LF:52
LH:52
BRDA:5,0,0,1
BRDA:5,0,1,1
BRDA:19,1,0,1
BRDA:19,1,1,1
BRDA:31,2,0,1
BRDA:31,2,1,1
BRDA:38,3,0,1
BRDA:38,3,1,1
BRDA:46,4,0,1
BRDA:46,4,1,1
BRF:10
BRH:10
end_of_record
TN:
SF:src\services\ai-review.service.ts
FN:17,(anonymous_1)
FN:28,(anonymous_2)
FN:50,(anonymous_3)
FN:155,(anonymous_4)
FN:183,(anonymous_5)
FN:209,(anonymous_6)
FN:226,(anonymous_7)
FNF:7
FNH:1
FNDA:1,(anonymous_1)
FNDA:0,(anonymous_2)
FNDA:0,(anonymous_3)
FNDA:0,(anonymous_4)
FNDA:0,(anonymous_5)
FNDA:0,(anonymous_6)
FNDA:0,(anonymous_7)
DA:1,1
DA:2,1
DA:4,1
DA:6,1
DA:7,1
DA:13,1
DA:21,1
DA:22,1
DA:33,0
DA:41,0
DA:70,0
DA:71,0
DA:73,0
DA:75,0
DA:76,0
DA:77,0
DA:78,0
DA:82,0
DA:85,0
DA:88,0
DA:90,0
DA:91,0
DA:92,0
DA:93,0
DA:96,0
DA:97,0
DA:102,0
DA:104,0
DA:107,0
DA:109,0
DA:110,0
DA:112,0
DA:116,0
DA:117,0
DA:124,0
DA:137,0
DA:138,0
DA:139,0
DA:141,0
DA:144,0
DA:145,0
DA:175,0
DA:187,0
DA:188,0
DA:189,0
DA:191,0
DA:192,0
DA:193,0
DA:194,0
DA:198,0
DA:205,0
DA:206,0
DA:209,0
DA:210,0
DA:212,0
DA:213,0
DA:216,0
DA:217,0
DA:230,0
DA:231,0
DA:232,0
DA:234,0
DA:241,0
DA:242,0
DA:243,0
DA:246,0
DA:247,0
DA:253,1
LF:68
LH:9
BRDA:18,0,0,1
BRDA:19,1,0,1
BRDA:75,2,0,0
BRDA:75,2,1,0
BRDA:76,3,0,0
BRDA:82,4,0,0
BRDA:82,4,1,0
BRDA:85,5,0,0
BRDA:85,5,1,0
BRDA:90,6,0,0
BRDA:90,6,1,0
BRDA:90,7,0,0
BRDA:90,7,1,0
BRDA:96,8,0,0
BRDA:96,8,1,0
BRDA:96,9,0,0
BRDA:96,9,1,0
BRDA:109,10,0,0
BRDA:109,10,1,0
BRDA:184,11,0,0
BRDA:191,12,0,0
BRDA:191,12,1,0
BRDA:192,13,0,0
BRDA:227,14,0,0
BRF:24
BRH:2
end_of_record
TN:
SF:src\services\promptTemplate.service.ts
FN:45,(anonymous_1)
FN:51,(anonymous_2)
FN:78,(anonymous_3)
FN:108,(anonymous_4)
FN:164,(anonymous_5)
FN:198,(anonymous_6)
FNF:6
FNH:1
FNDA:1,(anonymous_1)
FNDA:0,(anonymous_2)
FNDA:0,(anonymous_3)
FNDA:0,(anonymous_4)
FNDA:0,(anonymous_5)
FNDA:0,(anonymous_6)
DA:1,1
DA:3,1
DA:4,1
DA:5,1
DA:6,1
DA:45,1
DA:46,1
DA:52,0
DA:53,0
DA:55,0
DA:56,0
DA:59,0
DA:60,0
DA:66,0
DA:67,0
DA:68,0
DA:70,0
DA:71,0
DA:79,0
DA:80,0
DA:82,0
DA:83,0
DA:84,0
DA:88,0
DA:89,0
DA:92,0
DA:94,0
DA:98,0
DA:100,0
DA:101,0
DA:109,0
DA:110,0
DA:112,0
DA:113,0
DA:114,0
DA:115,0
DA:116,0
DA:119,0
DA:120,0
DA:122,0
DA:123,0
DA:125,0
DA:126,0
DA:133,0
DA:134,0
DA:142,0
DA:144,0
DA:154,0
DA:156,0
DA:157,0
DA:165,0
DA:166,0
DA:167,0
DA:169,0
DA:170,0
DA:171,0
DA:174,0
DA:176,0
DA:177,0
DA:180,0
DA:181,0
DA:183,0
DA:185,0
DA:186,0
DA:187,0
DA:190,0
DA:191,0
DA:199,0
DA:200,0
DA:201,0
DA:203,0
DA:204,0
DA:205,0
DA:208,0
DA:210,0
DA:211,0
DA:214,0
DA:216,0
DA:217,0
DA:219,0
DA:220,0
DA:226,1
LF:82
LH:8
BRDA:55,0,0,0
BRDA:55,1,0,0
BRDA:55,1,1,0
BRDA:55,1,2,0
BRDA:55,1,3,0
BRDA:63,2,0,0
BRDA:63,2,1,0
BRDA:88,3,0,0
BRDA:88,4,0,0
BRDA:88,4,1,0
BRDA:89,5,0,0
BRDA:89,5,1,0
BRDA:92,6,0,0
BRDA:92,7,0,0
BRDA:92,7,1,0
BRDA:108,8,0,0
BRDA:114,9,0,0
BRDA:114,9,1,0
BRDA:115,10,0,0
BRDA:115,10,1,0
BRDA:119,11,0,0
BRDA:122,12,0,0
BRDA:125,13,0,0
BRDA:176,14,0,0
BRDA:176,15,0,0
BRDA:176,15,1,0
BRDA:210,16,0,0
BRDA:210,17,0,0
BRDA:210,17,1,0
BRF:29
BRH:0
end_of_record
TN:
SF:src\services\review.service.ts
FN:42,(anonymous_1)
FN:49,(anonymous_2)
FN:81,(anonymous_3)
FN:145,(anonymous_4)
FN:203,(anonymous_5)
FN:272,(anonymous_6)
FN:322,(anonymous_7)
FN:345,(anonymous_8)
FN:367,(anonymous_9)
FN:387,(anonymous_10)
FN:388,(anonymous_11)
FN:402,(anonymous_12)
FN:426,(anonymous_13)
FN:462,(anonymous_14)
FN:537,(anonymous_15)
FN:562,(anonymous_16)
FN:580,(anonymous_17)
FN:595,(anonymous_18)
FN:642,(anonymous_19)
FN:697,(anonymous_20)
FN:710,(anonymous_21)
FN:711,(anonymous_22)
FN:730,(anonymous_23)
FN:738,(anonymous_24)
FN:748,(anonymous_25)
FN:757,(anonymous_26)
FN:768,(anonymous_27)
FN:782,(anonymous_28)
FNF:28
FNH:8
FNDA:17,(anonymous_1)
FNDA:6,(anonymous_2)
FNDA:3,(anonymous_3)
FNDA:2,(anonymous_4)
FNDA:0,(anonymous_5)
FNDA:0,(anonymous_6)
FNDA:0,(anonymous_7)
FNDA:0,(anonymous_8)
FNDA:0,(anonymous_9)
FNDA:0,(anonymous_10)
FNDA:0,(anonymous_11)
FNDA:0,(anonymous_12)
FNDA:0,(anonymous_13)
FNDA:0,(anonymous_14)
FNDA:5,(anonymous_15)
FNDA:5,(anonymous_16)
FNDA:0,(anonymous_17)
FNDA:0,(anonymous_18)
FNDA:3,(anonymous_19)
FNDA:0,(anonymous_20)
FNDA:0,(anonymous_21)
FNDA:0,(anonymous_22)
FNDA:0,(anonymous_23)
FNDA:0,(anonymous_24)
FNDA:0,(anonymous_25)
FNDA:0,(anonymous_26)
FNDA:0,(anonymous_27)
FNDA:5,(anonymous_28)
DA:2,1
DA:3,1
DA:4,1
DA:5,1
DA:7,1
DA:8,1
DA:9,1
DA:10,1
DA:12,1
DA:14,1
DA:15,1
DA:38,1
DA:39,17
DA:43,17
DA:50,6
DA:51,6
DA:52,6
DA:53,6
DA:54,6
DA:55,6
DA:56,6
DA:58,6
DA:60,6
DA:61,6
DA:64,6
DA:65,2
DA:67,4
DA:68,1
DA:72,3
DA:73,3
DA:74,3
DA:75,3
DA:78,3
DA:80,3
DA:81,3
DA:83,3
DA:85,1
DA:89,2
DA:90,2
DA:91,2
DA:92,2
DA:93,2
DA:94,2
DA:97,2
DA:98,0
DA:99,2
DA:100,0
DA:101,2
DA:102,0
DA:104,2
DA:111,2
DA:118,2
DA:119,2
DA:122,2
DA:123,2
DA:136,2
DA:141,1
DA:144,1
DA:145,2
DA:157,1
DA:158,1
DA:160,1
DA:161,1
DA:162,1
DA:163,0
DA:165,1
DA:173,1
DA:174,1
DA:175,1
DA:176,1
DA:177,1
DA:179,1
DA:180,1
DA:183,1
DA:186,5
DA:187,1
DA:188,1
DA:189,1
DA:190,1
DA:192,0
DA:195,5
DA:196,5
DA:204,0
DA:205,0
DA:206,0
DA:207,0
DA:208,0
DA:211,0
DA:212,0
DA:214,0
DA:215,0
DA:218,0
DA:221,0
DA:225,0
DA:226,0
DA:227,0
DA:228,0
DA:229,0
DA:231,0
DA:232,0
DA:234,0
DA:235,0
DA:239,0
DA:240,0
DA:242,0
DA:243,0
DA:244,0
DA:247,0
DA:248,0
DA:249,0
DA:250,0
DA:251,0
DA:252,0
DA:254,0
DA:255,0
DA:256,0
DA:257,0
DA:259,0
DA:260,0
DA:261,0
DA:264,0
DA:267,0
DA:270,0
DA:271,0
DA:272,0
DA:273,0
DA:274,0
DA:275,0
DA:276,0
DA:277,0
DA:280,0
DA:284,0
DA:285,0
DA:286,0
DA:287,0
DA:290,0
DA:291,0
DA:293,0
DA:299,0
DA:304,0
DA:305,0
DA:311,0
DA:314,0
DA:315,0
DA:323,0
DA:324,0
DA:325,0
DA:327,0
DA:329,0
DA:333,0
DA:336,0
DA:337,0
DA:338,0
DA:339,0
DA:342,0
DA:344,0
DA:345,0
DA:346,0
DA:349,0
DA:350,0
DA:355,0
DA:358,0
DA:359,0
DA:368,0
DA:369,0
DA:370,0
DA:372,0
DA:384,0
DA:386,0
DA:387,0
DA:388,0
DA:394,0
DA:395,0
DA:403,0
DA:404,0
DA:405,0
DA:407,0
DA:408,0
DA:411,0
DA:413,0
DA:414,0
DA:417,0
DA:418,0
DA:422,0
DA:423,0
DA:424,0
DA:425,0
DA:426,0
DA:428,0
DA:429,0
DA:432,0
DA:433,0
DA:442,0
DA:443,0
DA:444,0
DA:447,0
DA:450,0
DA:451,0
DA:454,0
DA:455,0
DA:469,0
DA:470,0
DA:471,0
DA:472,0
DA:473,0
DA:475,0
DA:476,0
DA:479,0
DA:480,0
DA:481,0
DA:482,0
DA:484,0
DA:487,0
DA:490,0
DA:491,0
DA:492,0
DA:493,0
DA:494,0
DA:495,0
DA:496,0
DA:498,0
DA:499,0
DA:502,0
DA:503,0
DA:506,0
DA:507,0
DA:508,0
DA:509,0
DA:512,0
DA:513,0
DA:514,0
DA:516,0
DA:517,0
DA:518,0
DA:519,0
DA:522,0
DA:523,0
DA:524,0
DA:526,0
DA:529,0
DA:530,0
DA:539,5
DA:540,5
DA:541,5
DA:543,5
DA:544,5
DA:545,5
DA:546,5
DA:548,5
DA:549,1
DA:552,4
DA:553,4
DA:554,4
DA:555,4
DA:556,4
DA:558,4
DA:559,1
DA:562,3
DA:563,5
DA:565,3
DA:566,1
DA:570,3
DA:572,3
DA:573,3
DA:574,3
DA:576,3
DA:577,3
DA:580,3
DA:581,0
DA:584,3
DA:587,2
DA:588,2
DA:597,0
DA:598,0
DA:599,0
DA:601,0
DA:602,0
DA:607,0
DA:608,0
DA:609,0
DA:610,0
DA:611,0
DA:612,0
DA:615,0
DA:616,0
DA:617,0
DA:618,0
DA:619,0
DA:621,0
DA:622,0
DA:623,0
DA:624,0
DA:625,0
DA:628,0
DA:629,0
DA:630,0
DA:634,0
DA:643,3
DA:644,3
DA:645,3
DA:647,3
DA:648,1
DA:651,2
DA:652,5
DA:655,5
DA:656,4
DA:657,4
DA:659,4
DA:661,2
DA:662,1
DA:663,1
DA:664,0
DA:665,0
DA:671,2
DA:672,0
DA:673,0
DA:674,2
DA:675,0
DA:678,1
DA:680,1
DA:681,1
DA:682,0
DA:683,1
DA:684,0
DA:685,0
DA:687,1
DA:690,5
DA:693,2
DA:698,0
DA:699,0
DA:703,0
DA:704,0
DA:705,0
DA:706,0
DA:711,0
DA:712,0
DA:713,0
DA:714,0
DA:715,0
DA:716,0
DA:717,0
DA:724,0
DA:731,0
DA:732,0
DA:733,0
DA:735,0
DA:739,0
DA:740,0
DA:741,0
DA:744,0
DA:745,0
DA:748,0
DA:749,0
DA:752,0
DA:753,0
DA:754,0
DA:758,0
DA:759,0
DA:760,0
DA:763,0
DA:764,0
DA:767,0
DA:768,0
DA:770,0
DA:771,0
DA:774,0
DA:775,0
DA:788,5
DA:789,5
DA:790,5
DA:791,5
DA:792,1
DA:794,4
DA:795,1
DA:798,3
DA:799,3
DA:800,3
DA:802,3
DA:804,3
DA:805,3
DA:806,3
DA:807,3
DA:810,3
DA:811,1
DA:815,2
DA:827,2
DA:828,2
DA:829,2
DA:831,2
DA:832,2
DA:834,2
DA:837,2
DA:838,2
DA:841,2
DA:842,2
DA:843,2
DA:845,2
DA:846,2
DA:850,2
DA:865,2
DA:866,2
DA:867,2
DA:868,2
DA:870,2
DA:873,2
DA:874,2
DA:877,0
DA:886,2
DA:889,1
DA:890,1
DA:896,1
LF:411
LH:173
BRDA:42,0,0,1
BRDA:64,1,0,2
BRDA:64,2,0,6
BRDA:64,2,1,2
BRDA:67,3,0,1
BRDA:83,4,0,1
BRDA:83,5,0,3
BRDA:83,5,1,1
BRDA:97,6,0,0
BRDA:97,6,1,2
BRDA:99,7,0,0
BRDA:99,7,1,2
BRDA:100,8,0,0
BRDA:100,8,1,0
BRDA:101,9,0,0
BRDA:102,10,0,0
BRDA:102,10,1,0
BRDA:106,11,0,2
BRDA:106,11,1,0
BRDA:107,12,0,2
BRDA:107,12,1,0
BRDA:118,13,0,2
BRDA:118,13,1,2
BRDA:119,14,0,2
BRDA:119,14,1,2
BRDA:119,14,2,0
BRDA:124,15,0,2
BRDA:124,15,1,0
BRDA:125,16,0,2
BRDA:125,16,1,0
BRDA:128,17,0,2
BRDA:128,17,1,2
BRDA:131,18,0,2
BRDA:131,18,1,2
BRDA:132,19,0,2
BRDA:132,19,1,2
BRDA:133,20,0,2
BRDA:133,20,1,2
BRDA:134,21,0,2
BRDA:134,21,1,2
BRDA:145,22,0,1
BRDA:145,22,1,0
BRDA:146,23,0,2
BRDA:146,23,1,0
BRDA:147,24,0,2
BRDA:147,24,1,0
BRDA:148,25,0,2
BRDA:148,25,1,0
BRDA:160,26,0,1
BRDA:160,26,1,0
BRDA:162,27,0,0
BRDA:162,28,0,1
BRDA:162,28,1,0
BRDA:168,29,0,1
BRDA:168,29,1,0
BRDA:168,30,0,1
BRDA:168,30,1,0
BRDA:169,31,0,1
BRDA:169,31,1,0
BRDA:171,32,0,1
BRDA:171,32,1,0
BRDA:186,33,0,1
BRDA:186,34,0,5
BRDA:186,34,1,5
BRDA:186,34,2,1
BRDA:186,35,0,1
BRDA:186,35,1,1
BRDA:189,36,0,1
BRDA:189,36,1,0
BRDA:207,37,0,0
BRDA:207,38,0,0
BRDA:207,38,1,0
BRDA:218,39,0,0
BRDA:218,40,0,0
BRDA:218,40,1,0
BRDA:218,40,2,0
BRDA:234,41,0,0
BRDA:234,42,0,0
BRDA:234,42,1,0
BRDA:239,43,0,0
BRDA:239,43,1,0
BRDA:239,44,0,0
BRDA:239,44,1,0
BRDA:242,45,0,0
BRDA:247,46,0,0
BRDA:247,46,1,0
BRDA:247,47,0,0
BRDA:247,47,1,0
BRDA:249,48,0,0
BRDA:249,48,1,0
BRDA:249,49,0,0
BRDA:249,49,1,0
BRDA:249,49,2,0
BRDA:254,50,0,0
BRDA:254,50,1,0
BRDA:254,50,2,0
BRDA:254,50,3,0
BRDA:271,51,0,0
BRDA:271,52,0,0
BRDA:271,52,1,0
BRDA:273,53,0,0
BRDA:290,54,0,0
BRDA:290,54,1,0
BRDA:294,55,0,0
BRDA:294,55,1,0
BRDA:295,56,0,0
BRDA:295,56,1,0
BRDA:349,57,0,0
BRDA:349,58,0,0
BRDA:349,58,1,0
BRDA:349,58,2,0
BRDA:387,59,0,0
BRDA:387,59,1,0
BRDA:387,59,2,0
BRDA:391,60,0,0
BRDA:391,60,1,0
BRDA:407,61,0,0
BRDA:407,62,0,0
BRDA:407,62,1,0
BRDA:407,62,2,0
BRDA:407,62,3,0
BRDA:407,62,4,0
BRDA:417,63,0,0
BRDA:435,64,0,0
BRDA:435,64,1,0
BRDA:436,65,0,0
BRDA:436,65,1,0
BRDA:437,66,0,0
BRDA:437,66,1,0
BRDA:442,67,0,0
BRDA:442,67,1,0
BRDA:472,68,0,0
BRDA:472,69,0,0
BRDA:472,69,1,0
BRDA:475,70,0,0
BRDA:475,71,0,0
BRDA:475,71,1,0
BRDA:484,72,0,0
BRDA:484,73,0,0
BRDA:484,73,1,0
BRDA:484,73,2,0
BRDA:498,74,0,0
BRDA:498,75,0,0
BRDA:498,75,1,0
BRDA:502,76,0,0
BRDA:502,77,0,0
BRDA:502,77,1,0
BRDA:507,78,0,0
BRDA:507,79,0,0
BRDA:507,79,1,0
BRDA:516,80,0,0
BRDA:516,80,1,0
BRDA:516,80,2,0
BRDA:516,80,3,0
BRDA:548,81,0,1
BRDA:558,82,0,1
BRDA:558,83,0,4
BRDA:558,83,1,4
BRDA:563,84,0,5
BRDA:563,84,1,4
BRDA:565,85,0,1
BRDA:565,86,0,3
BRDA:565,86,1,3
BRDA:599,87,0,0
BRDA:607,88,0,0
BRDA:607,88,1,0
BRDA:607,89,0,0
BRDA:607,89,1,0
BRDA:608,90,0,0
BRDA:615,91,0,0
BRDA:622,92,0,0
BRDA:622,92,1,0
BRDA:622,93,0,0
BRDA:622,93,1,0
BRDA:622,93,2,0
BRDA:624,94,0,0
BRDA:647,95,0,1
BRDA:647,96,0,3
BRDA:647,96,1,3
BRDA:655,97,0,4
BRDA:655,97,1,1
BRDA:655,98,0,5
BRDA:655,98,1,3
BRDA:656,99,0,4
BRDA:656,99,1,0
BRDA:659,100,0,2
BRDA:659,100,1,2
BRDA:661,101,0,1
BRDA:661,101,1,1
BRDA:661,101,2,0
BRDA:661,101,3,0
BRDA:671,102,0,0
BRDA:671,102,1,0
BRDA:671,102,2,2
BRDA:671,102,3,0
BRDA:678,103,0,1
BRDA:678,104,0,1
BRDA:678,104,1,0
BRDA:680,105,0,1
BRDA:680,105,1,0
BRDA:681,106,0,0
BRDA:681,106,1,1
BRDA:681,106,2,0
BRDA:681,106,3,0
BRDA:698,107,0,0
BRDA:698,108,0,0
BRDA:698,108,1,0
BRDA:699,109,0,0
BRDA:705,110,0,0
BRDA:716,111,0,0
BRDA:716,111,1,0
BRDA:732,112,0,0
BRDA:735,113,0,0
BRDA:735,113,1,0
BRDA:740,114,0,0
BRDA:744,115,0,0
BRDA:748,116,0,0
BRDA:759,117,0,0
BRDA:763,118,0,0
BRDA:770,119,0,0
BRDA:791,120,0,1
BRDA:791,121,0,5
BRDA:791,121,1,5
BRDA:794,122,0,1
BRDA:794,123,0,4
BRDA:794,123,1,4
BRDA:794,123,2,1
BRDA:810,124,0,1
BRDA:810,125,0,3
BRDA:810,125,1,3
BRDA:828,126,0,2
BRDA:831,127,0,2
BRDA:838,128,0,0
BRDA:838,128,1,2
BRDA:842,129,0,2
BRDA:845,130,0,2
BRDA:865,131,0,2
BRDA:865,131,1,0
BRDA:870,132,0,2
BRDA:870,132,1,1
BRF:240
BRH:89
end_of_record
TN:
SF:src\services\translation\ai-adapters\ai-service.factory.ts
FN:19,(anonymous_1)
FN:24,(anonymous_2)
FN:34,(anonymous_3)
FN:68,(anonymous_4)
FN:102,(anonymous_5)
FN:117,(anonymous_6)
FN:124,(anonymous_7)
FNF:7
FNH:2
FNDA:1,(anonymous_1)
FNDA:1,(anonymous_2)
FNDA:0,(anonymous_3)
FNDA:0,(anonymous_4)
FNDA:0,(anonymous_5)
FNDA:0,(anonymous_6)
FNDA:0,(anonymous_7)
DA:1,1
DA:7,1
DA:8,1
DA:9,1
DA:14,1
DA:20,1
DA:21,1
DA:25,1
DA:26,1
DA:28,1
DA:35,0
DA:38,0
DA:39,0
DA:40,0
DA:41,0
DA:42,0
DA:49,0
DA:51,0
DA:52,0
DA:55,0
DA:59,0
DA:60,0
DA:62,0
DA:69,0
DA:72,0
DA:73,0
DA:74,0
DA:75,0
DA:76,0
DA:83,0
DA:85,0
DA:86,0
DA:89,0
DA:93,0
DA:94,0
DA:96,0
DA:103,0
DA:104,0
DA:105,0
DA:108,0
DA:109,0
DA:110,0
DA:118,0
DA:125,0
LF:44
LH:10
BRDA:25,0,0,1
BRDA:38,1,0,0
BRDA:40,2,0,0
BRDA:49,3,0,0
BRDA:49,3,1,0
BRDA:72,4,0,0
BRDA:74,5,0,0
BRDA:83,6,0,0
BRDA:83,6,1,0
BRDA:103,7,0,0
BRDA:108,8,0,0
BRF:11
BRH:1
end_of_record
TN:
SF:src\services\translation\ai-adapters\base.adapter.ts
FN:32,(anonymous_0)
FN:41,(anonymous_1)
FN:49,(anonymous_2)
FN:56,(anonymous_3)
FN:60,(anonymous_4)
FNF:5
FNH:0
FNDA:0,(anonymous_0)
FNDA:0,(anonymous_1)
FNDA:0,(anonymous_2)
FNDA:0,(anonymous_3)
FNDA:0,(anonymous_4)
DA:28,1
DA:33,0
DA:34,0
DA:42,0
DA:43,0
DA:44,0
DA:45,0
DA:46,0
DA:50,0
DA:51,0
DA:53,0
DA:57,0
DA:61,0
DA:63,0
DA:65,0
DA:66,0
DA:69,0
DA:70,0
DA:73,0
DA:74,0
DA:76,0
LF:21
LH:1
BRDA:50,0,0,0
BRDA:65,1,0,0
BRDA:69,2,0,0
BRF:3
BRH:0
end_of_record
TN:
SF:src\services\translation\ai-adapters\index.ts
FNF:0
FNH:0
DA:1,1
DA:2,1
DA:3,1
DA:4,1
LF:4
LH:4
BRF:0
BRH:0
end_of_record
TN:
SF:src\services\translation\ai-adapters\openai.adapter.ts
FN:19,(anonymous_1)
FN:27,(anonymous_2)
FN:71,(anonymous_3)
FN:89,(anonymous_4)
FN:125,(anonymous_5)
FN:134,(anonymous_6)
FN:170,(anonymous_7)
FN:193,(anonymous_8)
FN:205,(anonymous_9)
FN:209,(anonymous_10)
FNF:10
FNH:0
FNDA:0,(anonymous_1)
FNDA:0,(anonymous_2)
FNDA:0,(anonymous_3)
FNDA:0,(anonymous_4)
FNDA:0,(anonymous_5)
FNDA:0,(anonymous_6)
FNDA:0,(anonymous_7)
FNDA:0,(anonymous_8)
FNDA:0,(anonymous_9)
FNDA:0,(anonymous_10)
DA:1,1
DA:3,1
DA:5,1
DA:6,1
DA:7,1
DA:8,1
DA:16,1
DA:20,0
DA:21,0
DA:22,0
DA:24,0
DA:32,0
DA:33,0
DA:34,0
DA:36,0
DA:37,0
DA:38,0
DA:48,0
DA:49,0
DA:50,0
DA:56,0
DA:58,0
DA:65,0
DA:66,0
DA:67,0
DA:80,0
DA:81,0
DA:82,0
DA:85,0
DA:87,0
DA:88,0
DA:89,0
DA:92,0
DA:93,0
DA:94,0
DA:104,0
DA:105,0
DA:106,0
DA:107,0
DA:109,0
DA:111,0
DA:112,0
DA:116,0
DA:117,0
DA:118,0
DA:120,0
DA:121,0
DA:125,0
DA:133,0
DA:134,0
DA:137,0
DA:138,0
DA:139,0
DA:140,0
DA:141,0
DA:142,0
DA:144,0
DA:164,0
DA:165,0
DA:166,0
DA:171,0
DA:173,0
DA:194,0
DA:196,0
DA:197,0
DA:199,0
DA:200,0
DA:206,0
DA:212,0
DA:213,0
DA:214,0
DA:215,0
DA:216,0
DA:218,0
DA:219,0
DA:221,0
DA:222,0
DA:223,0
DA:224,0
DA:231,0
DA:232,0
LF:81
LH:7
BRDA:21,0,0,0
BRDA:32,1,0,0
BRDA:32,1,1,0
BRDA:32,1,2,0
BRDA:33,2,0,0
BRDA:33,2,1,0
BRDA:49,3,0,0
BRDA:49,3,1,0
BRDA:50,4,0,0
BRDA:50,4,1,0
BRDA:66,5,0,0
BRDA:66,5,1,0
BRDA:66,5,2,0
BRDA:80,6,0,0
BRDA:80,6,1,0
BRDA:80,6,2,0
BRDA:81,7,0,0
BRDA:81,7,1,0
BRDA:85,8,0,0
BRDA:85,8,1,0
BRDA:88,9,0,0
BRDA:88,10,0,0
BRDA:88,10,1,0
BRDA:111,11,0,0
BRDA:125,12,0,0
BRDA:125,12,1,0
BRDA:126,13,0,0
BRDA:126,13,1,0
BRDA:127,14,0,0
BRDA:127,14,1,0
BRDA:128,15,0,0
BRDA:128,15,1,0
BRDA:133,16,0,0
BRDA:133,16,1,0
BRDA:134,17,0,0
BRDA:134,17,1,0
BRDA:137,18,0,0
BRDA:137,18,1,0
BRDA:141,19,0,0
BRDA:141,19,1,0
BRDA:142,20,0,0
BRDA:142,20,1,0
BRDA:165,21,0,0
BRDA:165,21,1,0
BRDA:165,21,2,0
BRDA:212,22,0,0
BRDA:212,23,0,0
BRDA:212,23,1,0
BRDA:213,24,0,0
BRDA:223,25,0,0
BRDA:223,25,1,0
BRF:51
BRH:0
end_of_record
TN:
SF:src\services\translation\ai-adapters\review.adapter.ts
FN:107,(anonymous_1)
FN:121,(anonymous_2)
FN:149,(anonymous_3)
FN:157,(anonymous_4)
FN:179,(anonymous_5)
FN:256,(anonymous_6)
FN:280,(anonymous_7)
FN:334,(anonymous_8)
FN:341,(anonymous_9)
FN:393,(anonymous_10)
FN:437,(anonymous_11)
FN:451,(anonymous_12)
FN:458,(anonymous_13)
FN:459,(anonymous_14)
FN:471,(anonymous_15)
FN:472,(anonymous_16)
FNF:16
FNH:0
FNDA:0,(anonymous_1)
FNDA:0,(anonymous_2)
FNDA:0,(anonymous_3)
FNDA:0,(anonymous_4)
FNDA:0,(anonymous_5)
FNDA:0,(anonymous_6)
FNDA:0,(anonymous_7)
FNDA:0,(anonymous_8)
FNDA:0,(anonymous_9)
FNDA:0,(anonymous_10)
FNDA:0,(anonymous_11)
FNDA:0,(anonymous_12)
FNDA:0,(anonymous_13)
FNDA:0,(anonymous_14)
FNDA:0,(anonymous_15)
FNDA:0,(anonymous_16)
DA:1,1
DA:2,1
DA:14,1
DA:15,1
DA:17,1
DA:69,1
DA:71,1
DA:108,0
DA:111,0
DA:122,0
DA:126,0
DA:127,0
DA:128,0
DA:129,0
DA:131,0
DA:132,0
DA:135,0
DA:136,0
DA:137,0
DA:138,0
DA:140,0
DA:142,0
DA:151,0
DA:165,0
DA:168,0
DA:169,0
DA:176,0
DA:177,0
DA:178,0
DA:179,0
DA:180,0
DA:184,0
DA:257,0
DA:260,0
DA:261,0
DA:262,0
DA:265,0
DA:268,0
DA:269,0
DA:270,0
DA:274,0
DA:283,0
DA:285,0
DA:286,0
DA:287,0
DA:288,0
DA:291,0
DA:294,0
DA:309,0
DA:313,0
DA:314,0
DA:316,0
DA:317,0
DA:321,0
DA:322,0
DA:323,0
DA:326,0
DA:332,0
DA:333,0
DA:334,0
DA:335,0
DA:339,0
DA:340,0
DA:341,0
DA:342,0
DA:347,0
DA:366,0
DA:369,0
DA:372,0
DA:373,0
DA:375,0
DA:376,0
DA:377,0
DA:378,0
DA:379,0
DA:380,0
DA:381,0
DA:382,0
DA:383,0
DA:386,0
DA:398,0
DA:400,0
DA:401,0
DA:402,0
DA:404,0
DA:405,0
DA:414,0
DA:415,0
DA:416,0
DA:422,0
DA:429,0
DA:430,0
DA:438,0
DA:440,0
DA:441,0
DA:443,0
DA:444,0
DA:452,0
DA:459,0
DA:461,0
DA:462,0
DA:465,0
DA:472,0
DA:474,0
DA:475,0
DA:478,0
LF:106
LH:7
BRDA:113,0,0,0
BRDA:113,0,1,0
BRDA:126,1,0,0
BRDA:126,1,1,0
BRDA:128,2,0,0
BRDA:128,2,1,0
BRDA:163,3,0,0
BRDA:168,4,0,0
BRDA:177,5,0,0
BRDA:257,6,0,0
BRDA:257,7,0,0
BRDA:257,7,1,0
BRDA:269,8,0,0
BRDA:300,9,0,0
BRDA:300,9,1,0
BRDA:301,10,0,0
BRDA:301,10,1,0
BRDA:302,11,0,0
BRDA:302,11,1,0
BRDA:303,12,0,0
BRDA:303,12,1,0
BRDA:304,13,0,0
BRDA:304,13,1,0
BRDA:309,14,0,0
BRDA:309,14,1,0
BRDA:321,15,0,0
BRDA:321,15,1,0
BRDA:322,16,0,0
BRDA:322,16,1,0
BRDA:332,17,0,0
BRDA:332,17,1,0
BRDA:333,18,0,0
BRDA:339,19,0,0
BRDA:339,19,1,0
BRDA:340,20,0,0
BRDA:348,21,0,0
BRDA:348,21,1,0
BRDA:375,22,0,0
BRDA:375,22,1,0
BRDA:378,23,0,0
BRDA:378,23,1,0
BRDA:381,24,0,0
BRDA:400,25,0,0
BRDA:400,25,1,0
BRDA:400,25,2,0
BRDA:401,26,0,0
BRDA:401,26,1,0
BRDA:408,27,0,0
BRDA:408,27,1,0
BRDA:409,28,0,0
BRDA:409,28,1,0
BRDA:414,29,0,0
BRDA:414,29,1,0
BRDA:416,30,0,0
BRDA:416,30,1,0
BRDA:461,31,0,0
BRDA:474,32,0,0
BRF:57
BRH:0
end_of_record
TN:
SF:src\types\ai-service.types.ts
FN:4,(anonymous_0)
FNF:1
FNH:1
FNDA:2,(anonymous_0)
DA:4,2
DA:5,2
DA:6,2
DA:7,2
DA:8,2
DA:9,2
DA:10,2
DA:11,2
DA:12,2
LF:9
LH:9
BRDA:4,0,0,2
BRDA:4,0,1,2
BRF:2
BRH:2
end_of_record
TN:
SF:src\utils\errorHandler.ts
FN:18,handleServiceError
FN:36,(anonymous_2)
FN:65,validateId
FN:81,validateEntityExists
FN:95,wrapServiceMethod
FN:101,(anonymous_6)
FN:119,validateOwnership
FN:147,isTestEnvironment
FN:153,(anonymous_9)
FN:163,(anonymous_10)
FNF:10
FNH:4
FNDA:8,handleServiceError
FNDA:0,(anonymous_2)
FNDA:32,validateId
FNDA:31,validateEntityExists
FNDA:0,wrapServiceMethod
FNDA:0,(anonymous_6)
FNDA:0,validateOwnership
FNDA:0,isTestEnvironment
FNDA:0,(anonymous_9)
FNDA:1,(anonymous_10)
DA:1,2
DA:7,2
DA:8,2
DA:18,2
DA:20,8
DA:26,8
DA:31,7
DA:35,1
DA:36,0
DA:37,0
DA:41,1
DA:42,0
DA:46,1
DA:47,0
DA:51,1
DA:52,1
DA:56,0
DA:65,2
DA:66,32
DA:67,0
DA:70,32
DA:71,0
DA:81,2
DA:82,31
DA:83,0
DA:95,2
DA:101,0
DA:102,0
DA:103,0
DA:105,0
DA:119,2
DA:126,0
DA:127,0
DA:130,0
DA:131,0
DA:135,0
DA:136,0
DA:140,0
DA:147,2
DA:148,0
DA:152,2
DA:154,0
DA:155,0
DA:160,2
DA:164,1
DA:165,1
DA:166,1
DA:168,1
LF:48
LH:26
BRDA:21,0,0,8
BRDA:21,0,1,0
BRDA:22,1,0,8
BRDA:22,1,1,0
BRDA:26,2,0,7
BRDA:26,3,0,8
BRDA:26,3,1,4
BRDA:26,3,2,4
BRDA:26,3,3,4
BRDA:26,3,4,4
BRDA:35,4,0,0
BRDA:37,5,0,0
BRDA:37,5,1,0
BRDA:41,6,0,0
BRDA:41,7,0,1
BRDA:41,7,1,1
BRDA:41,7,2,0
BRDA:42,8,0,0
BRDA:42,8,1,0
BRDA:46,9,0,0
BRDA:51,10,0,1
BRDA:66,11,0,0
BRDA:70,12,0,0
BRDA:70,13,0,32
BRDA:70,13,1,32
BRDA:82,14,0,0
BRDA:123,15,0,0
BRDA:124,16,0,0
BRDA:130,17,0,0
BRDA:135,18,0,0
BRDA:135,19,0,0
BRDA:135,19,1,0
BRDA:153,20,0,0
BRDA:163,21,0,0
BRF:34
BRH:13
end_of_record
TN:
SF:src\utils\errors.ts
FN:9,(anonymous_0)
FN:21,(anonymous_1)
FN:28,(anonymous_2)
FN:35,(anonymous_3)
FN:42,(anonymous_4)
FN:49,(anonymous_5)
FNF:6
FNH:3
FNDA:9,(anonymous_0)
FNDA:0,(anonymous_1)
FNDA:0,(anonymous_2)
FNDA:3,(anonymous_3)
FNDA:0,(anonymous_4)
FNDA:6,(anonymous_5)
DA:4,2
DA:10,9
DA:11,9
DA:12,9
DA:13,9
DA:14,9
DA:16,9
DA:20,2
DA:22,0
DA:23,0
DA:27,2
DA:29,0
DA:30,0
DA:34,2
DA:36,3
DA:37,3
DA:41,2
DA:43,0
DA:44,0
DA:48,2
DA:50,6
DA:51,6
LF:22
LH:16
BRDA:12,0,0,9
BRDA:12,0,1,0
BRDA:21,1,0,0
BRDA:28,2,0,0
BRDA:35,3,0,0
BRDA:42,4,0,0
BRDA:49,5,0,0
BRF:7
BRH:1
end_of_record
TN:
SF:src\utils\logger.ts
FNF:0
FNH:0
DA:1,1
DA:2,1
DA:4,1
DA:6,1
DA:30,1
DA:31,1
DA:39,1
LF:7
LH:7
BRDA:7,0,0,1
BRDA:7,0,1,1
BRDA:30,1,0,1
BRF:3
BRH:3
end_of_record
TN:
SF:src\utils\promptProcessor.ts
FN:29,(anonymous_1)
FN:40,(anonymous_2)
FN:54,(anonymous_3)
FN:89,(anonymous_4)
FNF:4
FNH:0
FNDA:0,(anonymous_1)
FNDA:0,(anonymous_2)
FNDA:0,(anonymous_3)
FNDA:0,(anonymous_4)
DA:1,1
DA:2,1
DA:21,1
DA:22,1
DA:24,1
DA:25,1
DA:30,0
DA:31,0
DA:32,0
DA:34,0
DA:35,0
DA:41,0
DA:42,0
DA:43,0
DA:45,0
DA:48,0
DA:49,0
DA:51,0
DA:58,0
DA:59,0
DA:60,0
DA:61,0
DA:62,0
DA:63,0
DA:67,0
DA:68,0
DA:71,0
DA:78,0
DA:80,0
DA:82,0
DA:94,0
DA:95,0
DA:96,0
DA:97,0
DA:98,0
DA:99,0
DA:103,0
DA:104,0
DA:106,0
DA:113,0
DA:114,0
DA:116,0
DA:124,1
LF:43
LH:7
BRDA:30,0,0,0
BRDA:45,1,0,0
BRDA:45,1,1,0
BRDA:48,2,0,0
BRDA:59,3,0,0
BRDA:61,4,0,0
BRDA:61,5,0,0
BRDA:61,5,1,0
BRDA:67,6,0,0
BRDA:67,6,1,0
BRDA:68,7,0,0
BRDA:68,7,1,0
BRDA:73,8,0,0
BRDA:73,8,1,0
BRDA:95,9,0,0
BRDA:97,10,0,0
BRDA:97,11,0,0
BRDA:97,11,1,0
BRDA:103,12,0,0
BRDA:103,12,1,0
BRDA:104,13,0,0
BRDA:104,13,1,0
BRDA:108,14,0,0
BRDA:108,14,1,0
BRF:24
BRH:0
end_of_record
